<?xml version="1.0" encoding="UTF-8"?>
<!-- Generated by org.testng.reporters.JUnitReportReporter -->
<testsuite skipped="0" hostname="LAPTOP-Q5AAVSA1" name="duplicatevalue" tests="1" failures="0" timestamp="16 Mar 2024 15:39:38 GMT" time="0.007" errors="0">
  <testcase name="duplicatevalue1" time="0.007" classname="duplicatevalue"/>
</testsuite> <!-- duplicatevalue -->
