<?xml version="1.0" encoding="UTF-8"?>
<!-- Generated by org.testng.reporters.JUnitReportReporter -->
<testsuite skipped="0" hostname="LAPTOP-Q5AAVSA1" name="com.example.qa.example_project.VerifyTitle" tests="1" failures="0" timestamp="13 Mar 2024 02:13:30 GMT" time="6.624" errors="0">
  <testcase name="Verifytitle" time="6.624" classname="com.example.qa.example_project.VerifyTitle"/>
</testsuite> <!-- com.example.qa.example_project.VerifyTitle -->
