<?xml version="1.0" encoding="UTF-8"?>
<!-- Generated by org.testng.reporters.JUnitReportReporter -->
<testsuite skipped="0" hostname="LAPTOP-Q5AAVSA1" name="com.example.qa.example_project.CapsLock" tests="1" failures="0" timestamp="17 Mar 2024 15:08:51 GMT" time="5.631" errors="0">
  <testcase name="CapsLoock" time="5.631" classname="com.example.qa.example_project.CapsLock"/>
</testsuite> <!-- com.example.qa.example_project.CapsLock -->
