<?xml version="1.0" encoding="UTF-8"?>
<!-- Generated by org.testng.reporters.JUnitReportReporter -->
<testsuite skipped="0" hostname="LAPTOP-Q5AAVSA1" name="com.example.qa.example_project.LinkTest" tests="1" failures="0" timestamp="17 Mar 2024 02:31:19 GMT" time="13.798" errors="0">
  <testcase name="countLinks" time="13.798" classname="com.example.qa.example_project.LinkTest"/>
</testsuite> <!-- com.example.qa.example_project.LinkTest -->
