<?xml version="1.0" encoding="UTF-8"?>
<!-- Generated by org.testng.reporters.JUnitReportReporter -->
<testsuite skipped="0" hostname="LAPTOP-Q5AAVSA1" name="com.example.qa.example_project.demotest" tests="1" failures="0" timestamp="13 Mar 2024 01:48:04 GMT" time="7.359" errors="0">
  <testcase name="method1" time="7.359" classname="com.example.qa.example_project.demotest"/>
</testsuite> <!-- com.example.qa.example_project.demotest -->
